<?xml version="1.0" encoding="UTF-8"?>
<coverage generated="1776163082">
  <project timestamp="1776163082" name="Clover Coverage">
    <package name="Revolution\Socialite\Mastodon">
      <file name="/Users/logic/Sites/socialite-mastodon/src/MastodonProvider.php">
        <class name="Revolution\Socialite\Mastodon\MastodonProvider" namespace="Revolution\Socialite\Mastodon">
          <metrics complexity="8" methods="8" coveredmethods="8" conditionals="0" coveredconditionals="0" statements="29" coveredstatements="29" elements="37" coveredelements="37"/>
        </class>
        <line num="30" type="method" name="getAuthUrl" visibility="protected" complexity="1" crap="1" count="2"/>
        <line num="32" type="stmt" count="2"/>
        <line num="34" type="stmt" count="2"/>
        <line num="40" type="method" name="getCodeFields" visibility="protected" complexity="1" crap="1" count="2"/>
        <line num="42" type="stmt" count="2"/>
        <line num="44" type="stmt" count="2"/>
        <line num="46" type="stmt" count="2"/>
        <line num="52" type="method" name="getTokenUrl" visibility="protected" complexity="1" crap="1" count="1"/>
        <line num="54" type="stmt" count="1"/>
        <line num="60" type="method" name="getTokenFields" visibility="protected" complexity="1" crap="1" count="1"/>
        <line num="62" type="stmt" count="1"/>
        <line num="68" type="method" name="getUserByToken" visibility="protected" complexity="1" crap="1" count="1"/>
        <line num="70" type="stmt" count="1"/>
        <line num="72" type="stmt" count="1"/>
        <line num="73" type="stmt" count="1"/>
        <line num="74" type="stmt" count="1"/>
        <line num="75" type="stmt" count="1"/>
        <line num="76" type="stmt" count="1"/>
        <line num="78" type="stmt" count="1"/>
        <line num="84" type="method" name="mapUserToObject" visibility="protected" complexity="1" crap="1" count="1"/>
        <line num="86" type="stmt" count="1"/>
        <line num="87" type="stmt" count="1"/>
        <line num="89" type="stmt" count="1"/>
        <line num="90" type="stmt" count="1"/>
        <line num="91" type="stmt" count="1"/>
        <line num="92" type="stmt" count="1"/>
        <line num="93" type="stmt" count="1"/>
        <line num="94" type="stmt" count="1"/>
        <line num="95" type="stmt" count="1"/>
        <line num="96" type="stmt" count="1"/>
        <line num="97" type="stmt" count="1"/>
        <line num="98" type="stmt" count="1"/>
        <line num="101" type="method" name="domain" visibility="protected" complexity="1" crap="1" count="3"/>
        <line num="103" type="stmt" count="3"/>
        <line num="106" type="method" name="updateFields" visibility="protected" complexity="1" crap="1" count="3"/>
        <line num="108" type="stmt" count="3"/>
        <line num="110" type="stmt" count="3"/>
        <metrics loc="113" ncloc="85" classes="1" methods="8" coveredmethods="8" conditionals="0" coveredconditionals="0" statements="29" coveredstatements="29" elements="37" coveredelements="37"/>
      </file>
      <file name="/Users/logic/Sites/socialite-mastodon/src/MastodonServiceProvider.php">
        <class name="Revolution\Socialite\Mastodon\MastodonServiceProvider" namespace="Revolution\Socialite\Mastodon">
          <metrics complexity="1" methods="1" coveredmethods="1" conditionals="0" coveredconditionals="0" statements="4" coveredstatements="4" elements="5" coveredelements="5"/>
        </class>
        <line num="13" type="method" name="boot" visibility="public" complexity="1" crap="1" count="4"/>
        <line num="15" type="stmt" count="4"/>
        <line num="16" type="stmt" count="1"/>
        <line num="18" type="stmt" count="1"/>
        <line num="19" type="stmt" count="4"/>
        <metrics loc="22" ncloc="19" classes="1" methods="1" coveredmethods="1" conditionals="0" coveredconditionals="0" statements="4" coveredstatements="4" elements="5" coveredelements="5"/>
      </file>
    </package>
    <metrics files="2" loc="135" ncloc="104" classes="2" methods="9" coveredmethods="9" conditionals="0" coveredconditionals="0" statements="33" coveredstatements="33" elements="42" coveredelements="42"/>
  </project>
</coverage>
